2016-10-14 16:50:24,061 [Worker-10] INFO  o.e.m.c.i.l.LifecycleMappingFactory - Using org.maven.ide.eclipse.wtp.EjbLifecycleMapping lifecycle mapping for MavenProject: fr.cpe:MiddleAuthWatcherEJBClient:1.0-SNAPSHOT @ /fs03/share/users/sebastien.di-rollo/home/Projet/5ETI/Projet/MiddleAuthWatcherEJBClient/pom.xml.
2016-10-14 16:50:25,090 [Worker-10] INFO  o.e.m.c.i.l.LifecycleMappingFactory - Using org.maven.ide.eclipse.wtp.EjbLifecycleMapping lifecycle mapping for MavenProject: fr.cpe:MiddleAuthWatcherEJB:1.0-SNAPSHOT @ /fs03/share/users/sebastien.di-rollo/home/Projet/5ETI/Projet/MiddleAuthWatcherEJB/pom.xml.
2016-10-14 16:50:25,618 [Worker-10] INFO  o.e.m.c.i.l.LifecycleMappingFactory - Using org.maven.ide.eclipse.wtp.EjbLifecycleMapping lifecycle mapping for MavenProject: fr.cpe:WatcherAuthProject:1.0-SNAPSHOT @ /fs03/share/users/sebastien.di-rollo/home/Projet/5ETI/Projet/WatcherAuthProject/pom.xml.
2016-10-14 16:50:26,050 [Worker-10] INFO  o.e.m.c.i.l.LifecycleMappingFactory - Using org.maven.ide.eclipse.wtp.WarLifecycleMapping lifecycle mapping for MavenProject: fr.cpe:FrontAuthWatcherWebService:1.0-SNAPSHOT @ /fs03/share/users/sebastien.di-rollo/home/Projet/5ETI/Projet/FrontAuthWatcherWebService/pom.xml.
2016-10-14 16:50:26,323 [Worker-10] INFO  o.e.m.c.i.l.LifecycleMappingFactory - Using org.maven.ide.eclipse.wtp.EarLifecycleMapping lifecycle mapping for MavenProject: fr.cpe:WatcherAuthJ2E:1.0-SNAPSHOT @ /fs03/share/users/sebastien.di-rollo/home/Projet/5ETI/Projet/WatcherAuthJ2E/pom.xml.
2016-10-14 16:50:33,972 [Worker-10] INFO  o.e.m.c.i.embedder.EclipseLogger - Generating application.xml
2016-10-14 16:50:36,248 [Worker-10] INFO  o.e.m.j.i.AbstractJavaProjectConfigurator - Adding source folder /MiddleAuthWatcherEJBClient/src/main/java
2016-10-14 16:50:36,252 [Worker-10] INFO  o.e.m.j.i.AbstractJavaProjectConfigurator - Adding resource folder /MiddleAuthWatcherEJBClient/src/main/resources
2016-10-14 16:50:36,255 [Worker-10] INFO  o.e.m.j.i.AbstractJavaProjectConfigurator - Adding source folder /MiddleAuthWatcherEJBClient/src/test/java
2016-10-14 16:50:36,255 [Worker-10] INFO  o.e.m.j.i.AbstractJavaProjectConfigurator - Adding resource folder /MiddleAuthWatcherEJBClient/src/test/resources
2016-10-14 16:50:38,828 [Worker-10] INFO  o.e.m.j.i.AbstractJavaProjectConfigurator - Adding source folder /WatcherAuthProject/src/main/java
2016-10-14 16:50:38,828 [Worker-10] INFO  o.e.m.j.i.AbstractJavaProjectConfigurator - Adding resource folder /WatcherAuthProject/src/main/resources
2016-10-14 16:50:38,829 [Worker-10] INFO  o.e.m.j.i.AbstractJavaProjectConfigurator - Adding source folder /WatcherAuthProject/src/test/java
2016-10-14 16:50:38,829 [Worker-10] INFO  o.e.m.j.i.AbstractJavaProjectConfigurator - Adding resource folder /WatcherAuthProject/src/test/resources
2016-10-14 16:50:39,744 [Worker-10] INFO  o.e.m.j.i.AbstractJavaProjectConfigurator - Adding source folder /MiddleAuthWatcherEJB/src/main/java
2016-10-14 16:50:39,745 [Worker-10] INFO  o.e.m.j.i.AbstractJavaProjectConfigurator - Adding resource folder /MiddleAuthWatcherEJB/src/main/resources
2016-10-14 16:50:39,760 [Worker-10] INFO  o.e.m.j.i.AbstractJavaProjectConfigurator - Adding source folder /MiddleAuthWatcherEJB/src/test/java
2016-10-14 16:50:39,760 [Worker-10] INFO  o.e.m.j.i.AbstractJavaProjectConfigurator - Adding resource folder /MiddleAuthWatcherEJB/src/test/resources
2016-10-14 16:50:40,858 [Worker-10] INFO  o.e.m.j.i.AbstractJavaProjectConfigurator - Adding source folder /FrontAuthWatcherWebService/src/main/java
2016-10-14 16:50:40,858 [Worker-10] INFO  o.e.m.j.i.AbstractJavaProjectConfigurator - Adding resource folder /FrontAuthWatcherWebService/src/main/resources
2016-10-14 16:50:40,864 [Worker-10] INFO  o.e.m.j.i.AbstractJavaProjectConfigurator - Adding source folder /FrontAuthWatcherWebService/src/test/java
2016-10-14 16:50:40,866 [Worker-10] INFO  o.e.m.j.i.AbstractJavaProjectConfigurator - Adding resource folder /FrontAuthWatcherWebService/src/test/resources
2016-10-14 16:50:44,417 [Worker-10] INFO  o.e.m.c.i.embedder.EclipseLogger - Generating application.xml
2016-10-14 16:50:44,434 [Worker-10] INFO  o.e.m.c.i.p.ProjectConfigurationManager - Imported and configured 5 project(s) in 32 sec
2016-10-14 16:50:49,817 [Worker-1] INFO  o.e.m.c.i.embedder.EclipseLogger - Using 'UTF-8' encoding to copy filtered resources.
2016-10-14 16:50:49,828 [Worker-1] INFO  o.e.m.c.i.embedder.EclipseLogger - Copying 2 resources
2016-10-14 16:50:49,855 [Worker-1] INFO  o.e.m.c.i.embedder.EclipseLogger - Using 'UTF-8' encoding to copy filtered resources.
2016-10-14 16:50:49,856 [Worker-1] INFO  o.e.m.c.i.embedder.EclipseLogger - Copying 3 resources
2016-10-14 16:51:11,861 [Worker-12] INFO  o.e.m.c.i.embedder.EclipseLogger - Using 'UTF-8' encoding to copy filtered resources.
2016-10-14 16:51:11,863 [Worker-12] INFO  o.e.m.c.i.embedder.EclipseLogger - Copying 1 resource
2016-10-14 16:51:11,874 [Worker-12] INFO  o.e.m.c.i.embedder.EclipseLogger - Using 'UTF-8' encoding to copy filtered resources.
2016-10-14 16:51:11,879 [Worker-12] INFO  o.e.m.c.i.embedder.EclipseLogger - Copying 3 resources
2016-10-14 16:51:13,762 [Worker-0] INFO  o.e.m.c.i.embedder.EclipseLogger - Using 'UTF-8' encoding to copy filtered resources.
2016-10-14 16:51:13,763 [Worker-0] INFO  o.e.m.c.i.embedder.EclipseLogger - Copying 0 resource
2016-10-14 16:51:13,767 [Worker-0] INFO  o.e.m.c.i.embedder.EclipseLogger - Using 'UTF-8' encoding to copy filtered resources.
2016-10-14 16:51:13,770 [Worker-0] INFO  o.e.m.c.i.embedder.EclipseLogger - Copying 0 resource
2016-10-14 16:51:14,449 [Worker-0] INFO  o.e.m.c.i.embedder.EclipseLogger - Using 'UTF-8' encoding to copy filtered resources.
2016-10-14 16:51:14,450 [Worker-0] INFO  o.e.m.c.i.embedder.EclipseLogger - skip non existing resourceDirectory /fs03/share/users/sebastien.di-rollo/home/Projet/5ETI/Projet/WatcherAuthJ2E/src/main/resources
2016-10-14 16:51:17,553 [Worker-15] INFO  o.e.m.c.i.embedder.EclipseLogger - Using 'UTF-8' encoding to copy filtered resources.
2016-10-14 16:51:17,554 [Worker-15] INFO  o.e.m.c.i.embedder.EclipseLogger - Copying 1 resource
2016-10-14 16:51:17,562 [Worker-15] INFO  o.e.m.c.i.embedder.EclipseLogger - Using 'UTF-8' encoding to copy filtered resources.
2016-10-14 16:51:17,564 [Worker-15] INFO  o.e.m.c.i.embedder.EclipseLogger - Copying 3 resources
2016-10-14 16:52:51,047 [Worker-13] INFO  o.e.m.c.i.l.LifecycleMappingFactory - Using NULL lifecycle mapping for MavenProject: fr.cpe:asi2-tp2:1.0-SNAPSHOT @ /fs03/share/users/sebastien.di-rollo/home/Projet/5ETI/asi2-tp2/pom.xml.
2016-10-14 16:53:23,326 [Worker-13] INFO  o.e.m.c.i.embedder.EclipseLogger - Using 'UTF-8' encoding to copy filtered resources.
2016-10-14 16:53:23,347 [Worker-13] INFO  o.e.m.c.i.embedder.EclipseLogger - Copying 2 resources
2016-10-14 16:53:23,350 [Worker-13] INFO  o.e.m.c.i.embedder.EclipseLogger - Using 'UTF-8' encoding to copy filtered resources.
2016-10-14 16:53:23,352 [Worker-13] INFO  o.e.m.c.i.embedder.EclipseLogger - Copying 0 resource
2016-10-14 16:53:56,193 [Worker-11] INFO  o.e.m.c.i.embedder.EclipseLogger - Using 'UTF-8' encoding to copy filtered resources.
2016-10-14 16:53:56,197 [Worker-11] INFO  o.e.m.c.i.embedder.EclipseLogger - Copying 2 resources
2016-10-14 16:53:56,203 [Worker-11] INFO  o.e.m.c.i.embedder.EclipseLogger - Using 'UTF-8' encoding to copy filtered resources.
2016-10-14 16:53:56,204 [Worker-11] INFO  o.e.m.c.i.embedder.EclipseLogger - Copying 0 resource
2016-10-14 16:54:26,260 [Worker-18] INFO  o.e.m.c.i.embedder.EclipseLogger - Using 'UTF-8' encoding to copy filtered resources.
2016-10-14 16:54:26,265 [Worker-18] INFO  o.e.m.c.i.embedder.EclipseLogger - Copying 2 resources
2016-10-14 16:54:26,270 [Worker-18] INFO  o.e.m.c.i.embedder.EclipseLogger - Using 'UTF-8' encoding to copy filtered resources.
2016-10-14 16:54:26,272 [Worker-18] INFO  o.e.m.c.i.embedder.EclipseLogger - Copying 0 resource
2016-10-14 16:54:50,195 [Worker-8] INFO  o.e.m.c.i.embedder.EclipseLogger - Using 'UTF-8' encoding to copy filtered resources.
2016-10-14 16:54:50,199 [Worker-8] INFO  o.e.m.c.i.embedder.EclipseLogger - Copying 2 resources
2016-10-14 16:54:50,206 [Worker-8] INFO  o.e.m.c.i.embedder.EclipseLogger - Using 'UTF-8' encoding to copy filtered resources.
2016-10-14 16:54:50,210 [Worker-8] INFO  o.e.m.c.i.embedder.EclipseLogger - Copying 0 resource
2016-10-14 16:55:23,970 [Worker-14] INFO  o.e.m.c.i.embedder.EclipseLogger - Using 'UTF-8' encoding to copy filtered resources.
2016-10-14 16:55:23,977 [Worker-14] INFO  o.e.m.c.i.embedder.EclipseLogger - Copying 2 resources
2016-10-14 16:55:23,980 [Worker-14] INFO  o.e.m.c.i.embedder.EclipseLogger - Using 'UTF-8' encoding to copy filtered resources.
2016-10-14 16:55:23,981 [Worker-14] INFO  o.e.m.c.i.embedder.EclipseLogger - Copying 0 resource
2016-10-14 16:56:48,232 [Worker-10] INFO  o.e.m.c.i.embedder.EclipseLogger - Using 'UTF-8' encoding to copy filtered resources.
2016-10-14 16:56:48,237 [Worker-10] INFO  o.e.m.c.i.embedder.EclipseLogger - Copying 1 resource
2016-10-14 16:56:48,246 [Worker-10] INFO  o.e.m.c.i.embedder.EclipseLogger - Using 'UTF-8' encoding to copy filtered resources.
2016-10-14 16:56:48,250 [Worker-10] INFO  o.e.m.c.i.embedder.EclipseLogger - Copying 0 resource
2016-10-14 17:06:19,772 [Worker-21] INFO  o.e.m.c.i.embedder.EclipseLogger - Using 'UTF-8' encoding to copy filtered resources.
2016-10-14 17:06:19,774 [Worker-21] INFO  o.e.m.c.i.embedder.EclipseLogger - Copying 2 resources
2016-10-14 17:06:19,783 [Worker-21] INFO  o.e.m.c.i.embedder.EclipseLogger - Using 'UTF-8' encoding to copy filtered resources.
2016-10-14 17:06:19,786 [Worker-21] INFO  o.e.m.c.i.embedder.EclipseLogger - Copying 0 resource
2016-10-14 17:18:03,200 [Worker-29] INFO  o.e.m.c.i.embedder.EclipseLogger - Using 'UTF-8' encoding to copy filtered resources.
2016-10-14 17:18:03,204 [Worker-29] INFO  o.e.m.c.i.embedder.EclipseLogger - Copying 2 resources
2016-10-14 17:18:03,209 [Worker-29] INFO  o.e.m.c.i.embedder.EclipseLogger - Using 'UTF-8' encoding to copy filtered resources.
2016-10-14 17:18:03,212 [Worker-29] INFO  o.e.m.c.i.embedder.EclipseLogger - Copying 0 resource
2016-10-14 17:28:10,136 [Worker-28] INFO  o.e.m.c.i.embedder.EclipseLogger - Using 'UTF-8' encoding to copy filtered resources.
2016-10-14 17:28:10,141 [Worker-28] INFO  o.e.m.c.i.embedder.EclipseLogger - Copying 1 resource
2016-10-14 17:28:10,148 [Worker-28] INFO  o.e.m.c.i.embedder.EclipseLogger - Using 'UTF-8' encoding to copy filtered resources.
2016-10-14 17:28:10,150 [Worker-28] INFO  o.e.m.c.i.embedder.EclipseLogger - Copying 0 resource
2016-10-14 17:28:59,132 [Worker-31] INFO  o.e.m.c.i.embedder.EclipseLogger - Using 'UTF-8' encoding to copy filtered resources.
2016-10-14 17:28:59,136 [Worker-31] INFO  o.e.m.c.i.embedder.EclipseLogger - Copying 2 resources
2016-10-14 17:28:59,144 [Worker-31] INFO  o.e.m.c.i.embedder.EclipseLogger - Using 'UTF-8' encoding to copy filtered resources.
2016-10-14 17:28:59,149 [Worker-31] INFO  o.e.m.c.i.embedder.EclipseLogger - Copying 0 resource
2016-10-14 17:29:20,909 [Worker-27] INFO  o.e.m.c.i.embedder.EclipseLogger - Using 'UTF-8' encoding to copy filtered resources.
2016-10-14 17:29:20,911 [Worker-27] INFO  o.e.m.c.i.embedder.EclipseLogger - Copying 1 resource
2016-10-14 17:29:20,923 [Worker-27] INFO  o.e.m.c.i.embedder.EclipseLogger - Using 'UTF-8' encoding to copy filtered resources.
2016-10-14 17:29:20,925 [Worker-27] INFO  o.e.m.c.i.embedder.EclipseLogger - Copying 0 resource
2016-10-14 17:29:25,119 [Worker-31] INFO  o.e.m.c.i.embedder.EclipseLogger - Using 'UTF-8' encoding to copy filtered resources.
2016-10-14 17:29:25,121 [Worker-31] INFO  o.e.m.c.i.embedder.EclipseLogger - Copying 2 resources
2016-10-14 17:29:25,127 [Worker-31] INFO  o.e.m.c.i.embedder.EclipseLogger - Using 'UTF-8' encoding to copy filtered resources.
2016-10-14 17:29:25,129 [Worker-31] INFO  o.e.m.c.i.embedder.EclipseLogger - Copying 0 resource
2016-10-14 17:29:25,433 [Worker-28] INFO  o.e.m.c.i.embedder.EclipseLogger - Using 'UTF-8' encoding to copy filtered resources.
2016-10-14 17:29:25,437 [Worker-28] INFO  o.e.m.c.i.embedder.EclipseLogger - Copying 1 resource
2016-10-14 17:29:25,439 [Worker-28] INFO  o.e.m.c.i.embedder.EclipseLogger - Using 'UTF-8' encoding to copy filtered resources.
2016-10-14 17:29:25,439 [Worker-28] INFO  o.e.m.c.i.embedder.EclipseLogger - Copying 0 resource
2016-10-14 17:29:31,095 [Worker-34] INFO  o.e.m.c.i.embedder.EclipseLogger - Using 'UTF-8' encoding to copy filtered resources.
2016-10-14 17:29:31,098 [Worker-34] INFO  o.e.m.c.i.embedder.EclipseLogger - Copying 1 resource
2016-10-14 17:29:31,105 [Worker-34] INFO  o.e.m.c.i.embedder.EclipseLogger - Using 'UTF-8' encoding to copy filtered resources.
2016-10-14 17:29:31,107 [Worker-34] INFO  o.e.m.c.i.embedder.EclipseLogger - Copying 0 resource
2016-10-14 17:30:13,212 [Worker-31] INFO  o.e.m.c.i.embedder.EclipseLogger - Using 'UTF-8' encoding to copy filtered resources.
2016-10-14 17:30:13,216 [Worker-31] INFO  o.e.m.c.i.embedder.EclipseLogger - Copying 1 resource
2016-10-14 17:30:13,219 [Worker-31] INFO  o.e.m.c.i.embedder.EclipseLogger - Using 'UTF-8' encoding to copy filtered resources.
2016-10-14 17:30:13,222 [Worker-31] INFO  o.e.m.c.i.embedder.EclipseLogger - Copying 0 resource
2016-10-14 17:31:28,551 [Worker-36] INFO  o.e.m.c.i.embedder.EclipseLogger - Using 'UTF-8' encoding to copy filtered resources.
2016-10-14 17:31:28,558 [Worker-36] INFO  o.e.m.c.i.embedder.EclipseLogger - Copying 1 resource
2016-10-14 17:31:28,562 [Worker-36] INFO  o.e.m.c.i.embedder.EclipseLogger - Using 'UTF-8' encoding to copy filtered resources.
2016-10-14 17:31:28,565 [Worker-36] INFO  o.e.m.c.i.embedder.EclipseLogger - Copying 0 resource
